{
  "seleniumLog": [
    {
      "commandName": "maximizeWindow",
      "args": [
        "{windowHandle=current}"
      ],
      "result": "null",
      "subLogs": [],
      "duration": 1132
    },
    {
      "commandName": "get",
      "args": [
        "{url=http://localhost:4747/ePrashasanE1/login.do}"
      ],
      "result": "null",
      "subLogs": [],
      "duration": 1939
    },
    {
      "commandName": "findElements",
      "args": [
        "{value=//h3[text()='Welcome to e-PRASHASAN'] | //h3[text()='Welcome to e-à¤ªà¥�à¤°à¤¶à¤¾à¤¸à¤¨'], using=xpath}"
      ],
      "result": "[id: 0.03630120874655507-1]",
      "subLogs": [],
      "duration": 34
    },
    {
      "commandName": "findElement",
      "args": [
        "{value=//h3[text()='Welcome to e-PRASHASAN'] | //h3[text()='Welcome to e-à¤ªà¥�à¤°à¤¶à¤¾à¤¸à¤¨'], using=xpath}"
      ],
      "result": "id: 0.03630120874655507-1",
      "subLogs": [],
      "duration": 6
    },
    {
      "commandName": "isElementDisplayed",
      "args": [
        "By.xpath: //h3[text()='Welcome to e-PRASHASAN'] | //h3[text()='Welcome to e-à¤ªà¥�à¤°à¤¶à¤¾à¤¸à¤¨']",
        "{\"id\":\"0.03630120874655507-1\"}"
      ],
      "result": "isElementDisplayed:true",
      "subLogs": [],
      "duration": 47
    },
    {
      "commandName": "findElements",
      "args": [
        "{value=//h3[text()='Welcome to e-PRASHASAN'] | //h3[text()='Welcome to e-à¤ªà¥�à¤°à¤¶à¤¾à¤¸à¤¨'], using=xpath}"
      ],
      "result": "[id: 0.03630120874655507-1]",
      "subLogs": [],
      "duration": 16
    },
    {
      "commandName": "findElements",
      "args": [
        "{value=//input[@value='Login'], using=xpath}"
      ],
      "result": "[id: 0.03630120874655507-2]",
      "subLogs": [],
      "duration": 31
    },
    {
      "commandName": "findElement",
      "args": [
        "{value=//input[@value='Login'], using=xpath}"
      ],
      "result": "id: 0.03630120874655507-2",
      "subLogs": [],
      "duration": 31
    },
    {
      "commandName": "isElementDisplayed",
      "args": [
        "By.xpath: //input[@value='Login']",
        "{\"id\":\"0.03630120874655507-2\"}"
      ],
      "result": "isElementDisplayed:true",
      "subLogs": [],
      "duration": 31
    },
    {
      "commandName": "findElements",
      "args": [
        "{value=//input[@value='Login'], using=xpath}"
      ],
      "result": "[id: 0.03630120874655507-2]",
      "subLogs": [],
      "duration": 28
    },
    {
      "commandName": "findElements",
      "args": [
        "{value=//h3[text()='Welcome to e-PRASHASAN'] | //h3[text()='Welcome to e-à¤ªà¥�à¤°à¤¶à¤¾à¤¸à¤¨'], using=xpath}"
      ],
      "result": "[id: 0.03630120874655507-1]",
      "subLogs": [],
      "duration": 18
    },
    {
      "commandName": "findElement",
      "args": [
        "{value=//h3[text()='Welcome to e-PRASHASAN'] | //h3[text()='Welcome to e-à¤ªà¥�à¤°à¤¶à¤¾à¤¸à¤¨'], using=xpath}"
      ],
      "result": "id: 0.03630120874655507-1",
      "subLogs": [],
      "duration": 15
    },
    {
      "commandName": "isElementDisplayed",
      "args": [
        "By.xpath: //h3[text()='Welcome to e-PRASHASAN'] | //h3[text()='Welcome to e-à¤ªà¥�à¤°à¤¶à¤¾à¤¸à¤¨']",
        "{\"id\":\"0.03630120874655507-1\"}"
      ],
      "result": "isElementDisplayed:true",
      "subLogs": [],
      "duration": 16
    },
    {
      "commandName": "findElements",
      "args": [
        "{value=//h3[text()='Welcome to e-PRASHASAN'] | //h3[text()='Welcome to e-à¤ªà¥�à¤°à¤¶à¤¾à¤¸à¤¨'], using=xpath}"
      ],
      "result": "[id: 0.03630120874655507-1]",
      "subLogs": [],
      "duration": 25
    },
    {
      "commandName": "findElements",
      "args": [
        "{value=//input[@value='Login'], using=xpath}"
      ],
      "result": "[id: 0.03630120874655507-2]",
      "subLogs": [],
      "duration": 8
    },
    {
      "commandName": "findElement",
      "args": [
        "{value=//input[@value='Login'], using=xpath}"
      ],
      "result": "id: 0.03630120874655507-2",
      "subLogs": [],
      "duration": 16
    },
    {
      "commandName": "isElementDisplayed",
      "args": [
        "By.xpath: //input[@value='Login']",
        "{\"id\":\"0.03630120874655507-2\"}"
      ],
      "result": "isElementDisplayed:true",
      "subLogs": [],
      "duration": 26
    },
    {
      "commandName": "findElements",
      "args": [
        "{value=//input[@value='Login'], using=xpath}"
      ],
      "result": "[id: 0.03630120874655507-2]",
      "subLogs": [],
      "duration": 13
    },
    {
      "commandName": "findElement",
      "args": [
        "{value=//input[@id='j_username'], using=xpath}"
      ],
      "result": "id: 0.03630120874655507-3",
      "subLogs": [],
      "duration": 20
    },
    {
      "commandName": "sendKeysToElement",
      "args": [
        "By.xpath: //input[@id='j_username']",
        "{\"id\":\"0.03630120874655507-3\",\"value\":[\"principal\"]}"
      ],
      "result": "sendKeysToElement:null",
      "subLogs": [],
      "duration": 114
    },
    {
      "commandName": "findElement",
      "args": [
        "{value=//input[@id='j_password'], using=xpath}"
      ],
      "result": "id: 0.03630120874655507-4",
      "subLogs": [],
      "duration": 22
    },
    {
      "commandName": "sendKeysToElement",
      "args": [
        "By.xpath: //input[@id='j_password']",
        "{\"id\":\"0.03630120874655507-4\",\"value\":[\"admin\"]}"
      ],
      "result": "sendKeysToElement:null",
      "subLogs": [],
      "duration": 70
    },
    {
      "commandName": "findElement",
      "args": [
        "{value=//input[@value='Login'], using=xpath}"
      ],
      "result": "id: 0.03630120874655507-2",
      "subLogs": [],
      "duration": 16
    },
    {
      "commandName": "clickElement",
      "args": [
        "By.xpath: //input[@value='Login']",
        "{\"id\":\"0.03630120874655507-2\"}"
      ],
      "result": "clickElement:null",
      "subLogs": [],
      "duration": 3802
    },
    {
      "commandName": "findElement",
      "args": [
        "{value=//select[@id='dbName'], using=xpath}"
      ],
      "result": "no such element: Unable to locate element: {\"method\":\"xpath\",\"selector\":\"//select[@id='dbName']\"}\n  (Session info: chrome=74.0.3729.131)\n  (Driver info: chromedriver=2.36.540470 (e522d04694c7ebea4ba8821272dbef4f9b818c91),platform=Windows NT 6.1.7601 SP1 x86_64) (WARNING: The server did not provide any stacktrace information)\nCommand duration or timeout: 33 milliseconds\nFor documentation on this error, please visit: http://seleniumhq.org/exceptions/no_such_element.html\nBuild info: version: '2.53.0', revision: '35ae25b1534ae328c771e0856c93e187490ca824', time: '2016-03-15 10:43:46'\nSystem info: host: 'admin-PC', ip: '192.168.0.127', os.name: 'Windows 7', os.arch: 'amd64', os.version: '6.1', java.version: '1.8.0_211'\nDriver info: com.qmetry.qaf.automation.ui.webdriver.QAFExtendedWebDriver\nCapabilities [{applicationCacheEnabled=false, rotatable=false, mobileEmulationEnabled=false, networkConnectionEnabled=false, chrome={chromedriverVersion=2.36.540470 (e522d04694c7ebea4ba8821272dbef4f9b818c91), userDataDir=C:\\Users\\admin\\AppData\\Local\\Temp\\scoped_dir8724_29667}, takesHeapSnapshot=true, pageLoadStrategy=normal, databaseEnabled=false, handlesAlerts=true, hasTouchScreen=false, version=74.0.3729.131, platform=XP, browserConnectionEnabled=false, nativeEvents=true, acceptSslCerts=false, acceptInsecureCerts=false, locationContextEnabled=true, webStorageEnabled=true, browserName=chrome, takesScreenshot=true, javascriptEnabled=true, cssSelectorsEnabled=true, setWindowRect=true, unexpectedAlertBehaviour=}]\nSession ID: 17d77f7fba01e5d9322a48cbd21b6afc\n*** Element info: {Using=xpath, value=//select[@id='dbName']}",
      "subLogs": [],
      "duration": 49
    },
    {
      "commandName": "findElement",
      "args": [
        "{value=//select[@id='dbName'], using=xpath}"
      ],
      "result": "no such element: Unable to locate element: {\"method\":\"xpath\",\"selector\":\"//select[@id='dbName']\"}\n  (Session info: chrome=74.0.3729.131)\n  (Driver info: chromedriver=2.36.540470 (e522d04694c7ebea4ba8821272dbef4f9b818c91),platform=Windows NT 6.1.7601 SP1 x86_64) (WARNING: The server did not provide any stacktrace information)\nCommand duration or timeout: 16 milliseconds\nFor documentation on this error, please visit: http://seleniumhq.org/exceptions/no_such_element.html\nBuild info: version: '2.53.0', revision: '35ae25b1534ae328c771e0856c93e187490ca824', time: '2016-03-15 10:43:46'\nSystem info: host: 'admin-PC', ip: '192.168.0.127', os.name: 'Windows 7', os.arch: 'amd64', os.version: '6.1', java.version: '1.8.0_211'\nDriver info: com.qmetry.qaf.automation.ui.webdriver.QAFExtendedWebDriver\nCapabilities [{applicationCacheEnabled=false, rotatable=false, mobileEmulationEnabled=false, networkConnectionEnabled=false, chrome={chromedriverVersion=2.36.540470 (e522d04694c7ebea4ba8821272dbef4f9b818c91), userDataDir=C:\\Users\\admin\\AppData\\Local\\Temp\\scoped_dir8724_29667}, takesHeapSnapshot=true, pageLoadStrategy=normal, databaseEnabled=false, handlesAlerts=true, hasTouchScreen=false, version=74.0.3729.131, platform=XP, browserConnectionEnabled=false, nativeEvents=true, acceptSslCerts=false, acceptInsecureCerts=false, locationContextEnabled=true, webStorageEnabled=true, browserName=chrome, takesScreenshot=true, javascriptEnabled=true, cssSelectorsEnabled=true, setWindowRect=true, unexpectedAlertBehaviour=}]\nSession ID: 17d77f7fba01e5d9322a48cbd21b6afc\n*** Element info: {Using=xpath, value=//select[@id='dbName']}",
      "subLogs": [],
      "duration": 16
    },
    {
      "commandName": "findElement",
      "args": [
        "{value=//select[@id='dbName'], using=xpath}"
      ],
      "result": "no such element: Unable to locate element: {\"method\":\"xpath\",\"selector\":\"//select[@id='dbName']\"}\n  (Session info: chrome=74.0.3729.131)\n  (Driver info: chromedriver=2.36.540470 (e522d04694c7ebea4ba8821272dbef4f9b818c91),platform=Windows NT 6.1.7601 SP1 x86_64) (WARNING: The server did not provide any stacktrace information)\nCommand duration or timeout: 15 milliseconds\nFor documentation on this error, please visit: http://seleniumhq.org/exceptions/no_such_element.html\nBuild info: version: '2.53.0', revision: '35ae25b1534ae328c771e0856c93e187490ca824', time: '2016-03-15 10:43:46'\nSystem info: host: 'admin-PC', ip: '192.168.0.127', os.name: 'Windows 7', os.arch: 'amd64', os.version: '6.1', java.version: '1.8.0_211'\nDriver info: com.qmetry.qaf.automation.ui.webdriver.QAFExtendedWebDriver\nCapabilities [{applicationCacheEnabled=false, rotatable=false, mobileEmulationEnabled=false, networkConnectionEnabled=false, chrome={chromedriverVersion=2.36.540470 (e522d04694c7ebea4ba8821272dbef4f9b818c91), userDataDir=C:\\Users\\admin\\AppData\\Local\\Temp\\scoped_dir8724_29667}, takesHeapSnapshot=true, pageLoadStrategy=normal, databaseEnabled=false, handlesAlerts=true, hasTouchScreen=false, version=74.0.3729.131, platform=XP, browserConnectionEnabled=false, nativeEvents=true, acceptSslCerts=false, acceptInsecureCerts=false, locationContextEnabled=true, webStorageEnabled=true, browserName=chrome, takesScreenshot=true, javascriptEnabled=true, cssSelectorsEnabled=true, setWindowRect=true, unexpectedAlertBehaviour=}]\nSession ID: 17d77f7fba01e5d9322a48cbd21b6afc\n*** Element info: {Using=xpath, value=//select[@id='dbName']}",
      "subLogs": [],
      "duration": 15
    },
    {
      "commandName": "findElement",
      "args": [
        "{value=//select[@id='dbName'], using=xpath}"
      ],
      "result": "no such element: Unable to locate element: {\"method\":\"xpath\",\"selector\":\"//select[@id='dbName']\"}\n  (Session info: chrome=74.0.3729.131)\n  (Driver info: chromedriver=2.36.540470 (e522d04694c7ebea4ba8821272dbef4f9b818c91),platform=Windows NT 6.1.7601 SP1 x86_64) (WARNING: The server did not provide any stacktrace information)\nCommand duration or timeout: 15 milliseconds\nFor documentation on this error, please visit: http://seleniumhq.org/exceptions/no_such_element.html\nBuild info: version: '2.53.0', revision: '35ae25b1534ae328c771e0856c93e187490ca824', time: '2016-03-15 10:43:46'\nSystem info: host: 'admin-PC', ip: '192.168.0.127', os.name: 'Windows 7', os.arch: 'amd64', os.version: '6.1', java.version: '1.8.0_211'\nDriver info: com.qmetry.qaf.automation.ui.webdriver.QAFExtendedWebDriver\nCapabilities [{applicationCacheEnabled=false, rotatable=false, mobileEmulationEnabled=false, networkConnectionEnabled=false, chrome={chromedriverVersion=2.36.540470 (e522d04694c7ebea4ba8821272dbef4f9b818c91), userDataDir=C:\\Users\\admin\\AppData\\Local\\Temp\\scoped_dir8724_29667}, takesHeapSnapshot=true, pageLoadStrategy=normal, databaseEnabled=false, handlesAlerts=true, hasTouchScreen=false, version=74.0.3729.131, platform=XP, browserConnectionEnabled=false, nativeEvents=true, acceptSslCerts=false, acceptInsecureCerts=false, locationContextEnabled=true, webStorageEnabled=true, browserName=chrome, takesScreenshot=true, javascriptEnabled=true, cssSelectorsEnabled=true, setWindowRect=true, unexpectedAlertBehaviour=}]\nSession ID: 17d77f7fba01e5d9322a48cbd21b6afc\n*** Element info: {Using=xpath, value=//select[@id='dbName']}",
      "subLogs": [],
      "duration": 15
    },
    {
      "commandName": "findElement",
      "args": [
        "{value=//select[@id='dbName'], using=xpath}"
      ],
      "result": "no such element: Unable to locate element: {\"method\":\"xpath\",\"selector\":\"//select[@id='dbName']\"}\n  (Session info: chrome=74.0.3729.131)\n  (Driver info: chromedriver=2.36.540470 (e522d04694c7ebea4ba8821272dbef4f9b818c91),platform=Windows NT 6.1.7601 SP1 x86_64) (WARNING: The server did not provide any stacktrace information)\nCommand duration or timeout: 16 milliseconds\nFor documentation on this error, please visit: http://seleniumhq.org/exceptions/no_such_element.html\nBuild info: version: '2.53.0', revision: '35ae25b1534ae328c771e0856c93e187490ca824', time: '2016-03-15 10:43:46'\nSystem info: host: 'admin-PC', ip: '192.168.0.127', os.name: 'Windows 7', os.arch: 'amd64', os.version: '6.1', java.version: '1.8.0_211'\nDriver info: com.qmetry.qaf.automation.ui.webdriver.QAFExtendedWebDriver\nCapabilities [{applicationCacheEnabled=false, rotatable=false, mobileEmulationEnabled=false, networkConnectionEnabled=false, chrome={chromedriverVersion=2.36.540470 (e522d04694c7ebea4ba8821272dbef4f9b818c91), userDataDir=C:\\Users\\admin\\AppData\\Local\\Temp\\scoped_dir8724_29667}, takesHeapSnapshot=true, pageLoadStrategy=normal, databaseEnabled=false, handlesAlerts=true, hasTouchScreen=false, version=74.0.3729.131, platform=XP, browserConnectionEnabled=false, nativeEvents=true, acceptSslCerts=false, acceptInsecureCerts=false, locationContextEnabled=true, webStorageEnabled=true, browserName=chrome, takesScreenshot=true, javascriptEnabled=true, cssSelectorsEnabled=true, setWindowRect=true, unexpectedAlertBehaviour=}]\nSession ID: 17d77f7fba01e5d9322a48cbd21b6afc\n*** Element info: {Using=xpath, value=//select[@id='dbName']}",
      "subLogs": [],
      "duration": 16
    },
    {
      "commandName": "findElement",
      "args": [
        "{value=//select[@id='dbName'], using=xpath}"
      ],
      "result": "no such element: Unable to locate element: {\"method\":\"xpath\",\"selector\":\"//select[@id='dbName']\"}\n  (Session info: chrome=74.0.3729.131)\n  (Driver info: chromedriver=2.36.540470 (e522d04694c7ebea4ba8821272dbef4f9b818c91),platform=Windows NT 6.1.7601 SP1 x86_64) (WARNING: The server did not provide any stacktrace information)\nCommand duration or timeout: 16 milliseconds\nFor documentation on this error, please visit: http://seleniumhq.org/exceptions/no_such_element.html\nBuild info: version: '2.53.0', revision: '35ae25b1534ae328c771e0856c93e187490ca824', time: '2016-03-15 10:43:46'\nSystem info: host: 'admin-PC', ip: '192.168.0.127', os.name: 'Windows 7', os.arch: 'amd64', os.version: '6.1', java.version: '1.8.0_211'\nDriver info: com.qmetry.qaf.automation.ui.webdriver.QAFExtendedWebDriver\nCapabilities [{applicationCacheEnabled=false, rotatable=false, mobileEmulationEnabled=false, networkConnectionEnabled=false, chrome={chromedriverVersion=2.36.540470 (e522d04694c7ebea4ba8821272dbef4f9b818c91), userDataDir=C:\\Users\\admin\\AppData\\Local\\Temp\\scoped_dir8724_29667}, takesHeapSnapshot=true, pageLoadStrategy=normal, databaseEnabled=false, handlesAlerts=true, hasTouchScreen=false, version=74.0.3729.131, platform=XP, browserConnectionEnabled=false, nativeEvents=true, acceptSslCerts=false, acceptInsecureCerts=false, locationContextEnabled=true, webStorageEnabled=true, browserName=chrome, takesScreenshot=true, javascriptEnabled=true, cssSelectorsEnabled=true, setWindowRect=true, unexpectedAlertBehaviour=}]\nSession ID: 17d77f7fba01e5d9322a48cbd21b6afc\n*** Element info: {Using=xpath, value=//select[@id='dbName']}",
      "subLogs": [],
      "duration": 16
    },
    {
      "commandName": "findElement",
      "args": [
        "{value=//select[@id='dbName'], using=xpath}"
      ],
      "result": "no such element: Unable to locate element: {\"method\":\"xpath\",\"selector\":\"//select[@id='dbName']\"}\n  (Session info: chrome=74.0.3729.131)\n  (Driver info: chromedriver=2.36.540470 (e522d04694c7ebea4ba8821272dbef4f9b818c91),platform=Windows NT 6.1.7601 SP1 x86_64) (WARNING: The server did not provide any stacktrace information)\nCommand duration or timeout: 16 milliseconds\nFor documentation on this error, please visit: http://seleniumhq.org/exceptions/no_such_element.html\nBuild info: version: '2.53.0', revision: '35ae25b1534ae328c771e0856c93e187490ca824', time: '2016-03-15 10:43:46'\nSystem info: host: 'admin-PC', ip: '192.168.0.127', os.name: 'Windows 7', os.arch: 'amd64', os.version: '6.1', java.version: '1.8.0_211'\nDriver info: com.qmetry.qaf.automation.ui.webdriver.QAFExtendedWebDriver\nCapabilities [{applicationCacheEnabled=false, rotatable=false, mobileEmulationEnabled=false, networkConnectionEnabled=false, chrome={chromedriverVersion=2.36.540470 (e522d04694c7ebea4ba8821272dbef4f9b818c91), userDataDir=C:\\Users\\admin\\AppData\\Local\\Temp\\scoped_dir8724_29667}, takesHeapSnapshot=true, pageLoadStrategy=normal, databaseEnabled=false, handlesAlerts=true, hasTouchScreen=false, version=74.0.3729.131, platform=XP, browserConnectionEnabled=false, nativeEvents=true, acceptSslCerts=false, acceptInsecureCerts=false, locationContextEnabled=true, webStorageEnabled=true, browserName=chrome, takesScreenshot=true, javascriptEnabled=true, cssSelectorsEnabled=true, setWindowRect=true, unexpectedAlertBehaviour=}]\nSession ID: 17d77f7fba01e5d9322a48cbd21b6afc\n*** Element info: {Using=xpath, value=//select[@id='dbName']}",
      "subLogs": [],
      "duration": 16
    },
    {
      "commandName": "findElement",
      "args": [
        "{value=//select[@id='dbName'], using=xpath}"
      ],
      "result": "no such element: Unable to locate element: {\"method\":\"xpath\",\"selector\":\"//select[@id='dbName']\"}\n  (Session info: chrome=74.0.3729.131)\n  (Driver info: chromedriver=2.36.540470 (e522d04694c7ebea4ba8821272dbef4f9b818c91),platform=Windows NT 6.1.7601 SP1 x86_64) (WARNING: The server did not provide any stacktrace information)\nCommand duration or timeout: 15 milliseconds\nFor documentation on this error, please visit: http://seleniumhq.org/exceptions/no_such_element.html\nBuild info: version: '2.53.0', revision: '35ae25b1534ae328c771e0856c93e187490ca824', time: '2016-03-15 10:43:46'\nSystem info: host: 'admin-PC', ip: '192.168.0.127', os.name: 'Windows 7', os.arch: 'amd64', os.version: '6.1', java.version: '1.8.0_211'\nDriver info: com.qmetry.qaf.automation.ui.webdriver.QAFExtendedWebDriver\nCapabilities [{applicationCacheEnabled=false, rotatable=false, mobileEmulationEnabled=false, networkConnectionEnabled=false, chrome={chromedriverVersion=2.36.540470 (e522d04694c7ebea4ba8821272dbef4f9b818c91), userDataDir=C:\\Users\\admin\\AppData\\Local\\Temp\\scoped_dir8724_29667}, takesHeapSnapshot=true, pageLoadStrategy=normal, databaseEnabled=false, handlesAlerts=true, hasTouchScreen=false, version=74.0.3729.131, platform=XP, browserConnectionEnabled=false, nativeEvents=true, acceptSslCerts=false, acceptInsecureCerts=false, locationContextEnabled=true, webStorageEnabled=true, browserName=chrome, takesScreenshot=true, javascriptEnabled=true, cssSelectorsEnabled=true, setWindowRect=true, unexpectedAlertBehaviour=}]\nSession ID: 17d77f7fba01e5d9322a48cbd21b6afc\n*** Element info: {Using=xpath, value=//select[@id='dbName']}",
      "subLogs": [],
      "duration": 15
    },
    {
      "commandName": "findElement",
      "args": [
        "{value=//select[@id='dbName'], using=xpath}"
      ],
      "result": "no such element: Unable to locate element: {\"method\":\"xpath\",\"selector\":\"//select[@id='dbName']\"}\n  (Session info: chrome=74.0.3729.131)\n  (Driver info: chromedriver=2.36.540470 (e522d04694c7ebea4ba8821272dbef4f9b818c91),platform=Windows NT 6.1.7601 SP1 x86_64) (WARNING: The server did not provide any stacktrace information)\nCommand duration or timeout: 16 milliseconds\nFor documentation on this error, please visit: http://seleniumhq.org/exceptions/no_such_element.html\nBuild info: version: '2.53.0', revision: '35ae25b1534ae328c771e0856c93e187490ca824', time: '2016-03-15 10:43:46'\nSystem info: host: 'admin-PC', ip: '192.168.0.127', os.name: 'Windows 7', os.arch: 'amd64', os.version: '6.1', java.version: '1.8.0_211'\nDriver info: com.qmetry.qaf.automation.ui.webdriver.QAFExtendedWebDriver\nCapabilities [{applicationCacheEnabled=false, rotatable=false, mobileEmulationEnabled=false, networkConnectionEnabled=false, chrome={chromedriverVersion=2.36.540470 (e522d04694c7ebea4ba8821272dbef4f9b818c91), userDataDir=C:\\Users\\admin\\AppData\\Local\\Temp\\scoped_dir8724_29667}, takesHeapSnapshot=true, pageLoadStrategy=normal, databaseEnabled=false, handlesAlerts=true, hasTouchScreen=false, version=74.0.3729.131, platform=XP, browserConnectionEnabled=false, nativeEvents=true, acceptSslCerts=false, acceptInsecureCerts=false, locationContextEnabled=true, webStorageEnabled=true, browserName=chrome, takesScreenshot=true, javascriptEnabled=true, cssSelectorsEnabled=true, setWindowRect=true, unexpectedAlertBehaviour=}]\nSession ID: 17d77f7fba01e5d9322a48cbd21b6afc\n*** Element info: {Using=xpath, value=//select[@id='dbName']}",
      "subLogs": [],
      "duration": 16
    },
    {
      "commandName": "findElement",
      "args": [
        "{value=//select[@id='dbName'], using=xpath}"
      ],
      "result": "no such element: Unable to locate element: {\"method\":\"xpath\",\"selector\":\"//select[@id='dbName']\"}\n  (Session info: chrome=74.0.3729.131)\n  (Driver info: chromedriver=2.36.540470 (e522d04694c7ebea4ba8821272dbef4f9b818c91),platform=Windows NT 6.1.7601 SP1 x86_64) (WARNING: The server did not provide any stacktrace information)\nCommand duration or timeout: 15 milliseconds\nFor documentation on this error, please visit: http://seleniumhq.org/exceptions/no_such_element.html\nBuild info: version: '2.53.0', revision: '35ae25b1534ae328c771e0856c93e187490ca824', time: '2016-03-15 10:43:46'\nSystem info: host: 'admin-PC', ip: '192.168.0.127', os.name: 'Windows 7', os.arch: 'amd64', os.version: '6.1', java.version: '1.8.0_211'\nDriver info: com.qmetry.qaf.automation.ui.webdriver.QAFExtendedWebDriver\nCapabilities [{applicationCacheEnabled=false, rotatable=false, mobileEmulationEnabled=false, networkConnectionEnabled=false, chrome={chromedriverVersion=2.36.540470 (e522d04694c7ebea4ba8821272dbef4f9b818c91), userDataDir=C:\\Users\\admin\\AppData\\Local\\Temp\\scoped_dir8724_29667}, takesHeapSnapshot=true, pageLoadStrategy=normal, databaseEnabled=false, handlesAlerts=true, hasTouchScreen=false, version=74.0.3729.131, platform=XP, browserConnectionEnabled=false, nativeEvents=true, acceptSslCerts=false, acceptInsecureCerts=false, locationContextEnabled=true, webStorageEnabled=true, browserName=chrome, takesScreenshot=true, javascriptEnabled=true, cssSelectorsEnabled=true, setWindowRect=true, unexpectedAlertBehaviour=}]\nSession ID: 17d77f7fba01e5d9322a48cbd21b6afc\n*** Element info: {Using=xpath, value=//select[@id='dbName']}",
      "subLogs": [],
      "duration": 15
    },
    {
      "commandName": "findElement",
      "args": [
        "{value=//select[@id='dbName'], using=xpath}"
      ],
      "result": "no such element: Unable to locate element: {\"method\":\"xpath\",\"selector\":\"//select[@id='dbName']\"}\n  (Session info: chrome=74.0.3729.131)\n  (Driver info: chromedriver=2.36.540470 (e522d04694c7ebea4ba8821272dbef4f9b818c91),platform=Windows NT 6.1.7601 SP1 x86_64) (WARNING: The server did not provide any stacktrace information)\nCommand duration or timeout: 16 milliseconds\nFor documentation on this error, please visit: http://seleniumhq.org/exceptions/no_such_element.html\nBuild info: version: '2.53.0', revision: '35ae25b1534ae328c771e0856c93e187490ca824', time: '2016-03-15 10:43:46'\nSystem info: host: 'admin-PC', ip: '192.168.0.127', os.name: 'Windows 7', os.arch: 'amd64', os.version: '6.1', java.version: '1.8.0_211'\nDriver info: com.qmetry.qaf.automation.ui.webdriver.QAFExtendedWebDriver\nCapabilities [{applicationCacheEnabled=false, rotatable=false, mobileEmulationEnabled=false, networkConnectionEnabled=false, chrome={chromedriverVersion=2.36.540470 (e522d04694c7ebea4ba8821272dbef4f9b818c91), userDataDir=C:\\Users\\admin\\AppData\\Local\\Temp\\scoped_dir8724_29667}, takesHeapSnapshot=true, pageLoadStrategy=normal, databaseEnabled=false, handlesAlerts=true, hasTouchScreen=false, version=74.0.3729.131, platform=XP, browserConnectionEnabled=false, nativeEvents=true, acceptSslCerts=false, acceptInsecureCerts=false, locationContextEnabled=true, webStorageEnabled=true, browserName=chrome, takesScreenshot=true, javascriptEnabled=true, cssSelectorsEnabled=true, setWindowRect=true, unexpectedAlertBehaviour=}]\nSession ID: 17d77f7fba01e5d9322a48cbd21b6afc\n*** Element info: {Using=xpath, value=//select[@id='dbName']}",
      "subLogs": [],
      "duration": 16
    },
    {
      "commandName": "getElementAttribute",
      "args": [
        "By.xpath: //select[@id='dbName']",
        "{\"name\":\"validationMessage\",\"id\":\"-1\"}"
      ],
      "result": "Timed out after 10 seconds waiting for presence of element located by: By.xpath: //select[@id='dbName']\nBuild info: version: '2.53.0', revision: '35ae25b1534ae328c771e0856c93e187490ca824', time: '2016-03-15 10:43:46'\nSystem info: host: 'admin-PC', ip: '192.168.0.127', os.name: 'Windows 7', os.arch: 'amd64', os.version: '6.1', java.version: '1.8.0_211'\nDriver info: driver.version: QAFExtendedWebDriver",
      "subLogs": [],
      "duration": -1601282708
    }
  ],
  "checkPoints": [
    {
      "message": "On Page FullEPrashasanLoginPage",
      "type": "Info",
      "screenshot": "",
      "duration": 0,
      "threshold": 0,
      "subCheckPoints": []
    },
    {
      "message": "FullEPrashasanLoginPage Page loaded Sucessfully",
      "type": "Info",
      "screenshot": "",
      "duration": 0,
      "threshold": 0,
      "subCheckPoints": []
    },
    {
      "message": "On Page FullEPrashasanLoginPage",
      "type": "Info",
      "screenshot": "",
      "duration": 0,
      "threshold": 0,
      "subCheckPoints": []
    },
    {
      "message": "FullEPrashasanLoginPage Page loaded Sucessfully",
      "type": "Info",
      "screenshot": "",
      "duration": 0,
      "threshold": 0,
      "subCheckPoints": []
    },
    {
      "message": "User Entered Username",
      "type": "Info",
      "screenshot": "",
      "duration": 0,
      "threshold": 0,
      "subCheckPoints": []
    },
    {
      "message": "User Entered Password",
      "type": "Info",
      "screenshot": "",
      "duration": 0,
      "threshold": 0,
      "subCheckPoints": []
    },
    {
      "message": "User Clicked on Login Button",
      "type": "Info",
      "screenshot": "",
      "duration": 0,
      "threshold": 0,
      "subCheckPoints": []
    },
    {
      "message": "Timed out after 10 seconds waiting for presence of element located by: By.xpath: //select[@id='dbName']\nBuild info: version: '2.53.0', revision: '35ae25b1534ae328c771e0856c93e187490ca824', time: '2016-03-15 10:43:46'\nSystem info: host: 'admin-PC', ip: '192.168.0.127', os.name: 'Windows 7', os.arch: 'amd64', os.version: '6.1', java.version: '1.8.0_211'\nDriver info: driver.version: QAFExtendedWebDriver",
      "type": "Fail",
      "screenshot": "../img/TC_Login_05_eymmbc81hrah553.png",
      "duration": 0,
      "threshold": 0,
      "subCheckPoints": []
    }
  ],
  "errorTrace": "org.openqa.selenium.TimeoutException: Timed out after 10 seconds waiting for presence of element located by: By.xpath: //select[@id='dbName']\nBuild info: version: '2.53.0', revision: '35ae25b1534ae328c771e0856c93e187490ca824', time: '2016-03-15 10:43:46'\nSystem info: host: 'admin-PC', ip: '192.168.0.127', os.name: 'Windows 7', os.arch: 'amd64', os.version: '6.1', java.version: '1.8.0_211'\nDriver info: driver.version: QAFExtendedWebDriver\r\n\tat org.openqa.selenium.support.ui.FluentWait.timeoutException(FluentWait.java:292)\r\n\tat org.openqa.selenium.support.ui.FluentWait.until(FluentWait.java:261)\r\n\tat com.qmetry.qaf.automation.ui.webdriver.QAFExtendedWebDriver.load(QAFExtendedWebDriver.java:216)\r\n\tat com.qmetry.qaf.automation.ui.webdriver.QAFExtendedWebElement.load(QAFExtendedWebElement.java:299)\r\n\tat com.qmetry.qaf.automation.ui.webdriver.QAFExtendedWebElement.execute(QAFExtendedWebElement.java:250)\r\n\tat org.openqa.selenium.remote.RemoteWebElement.getAttribute(RemoteWebElement.java:150)\r\n\tat com.ingenio.eprashasan.core.EPUtils.getFieldLevelErrorValidationMessage(EPUtils.java:64)\r\n\tat com.ingenio.eprashasan.english.full.testsuits.development.LOGIN.TC_Login_05(LOGIN.java:136)\r\n\tat sun.reflect.NativeMethodAccessorImpl.invoke0(Native Method)\r\n\tat sun.reflect.NativeMethodAccessorImpl.invoke(Unknown Source)\r\n\tat sun.reflect.DelegatingMethodAccessorImpl.invoke(Unknown Source)\r\n\tat java.lang.reflect.Method.invoke(Unknown Source)\r\n\tat org.testng.internal.MethodInvocationHelper.invokeMethod(MethodInvocationHelper.java:104)\r\n\tat org.testng.internal.Invoker.invokeMethod(Invoker.java:645)\r\n\tat org.testng.internal.Invoker.invokeTestMethod(Invoker.java:851)\r\n\tat org.testng.internal.Invoker.invokeTestMethods(Invoker.java:1177)\r\n\tat org.testng.internal.TestMethodWorker.invokeTestMethods(TestMethodWorker.java:129)\r\n\tat org.testng.internal.TestMethodWorker.run(TestMethodWorker.java:112)\r\n\tat org.testng.TestRunner.privateRun(TestRunner.java:781)\r\n\tat org.testng.TestRunner.run(TestRunner.java:635)\r\n\tat org.testng.SuiteRunner.runTest(SuiteRunner.java:387)\r\n\tat org.testng.SuiteRunner.runSequentially(SuiteRunner.java:382)\r\n\tat org.testng.SuiteRunner.privateRun(SuiteRunner.java:340)\r\n\tat org.testng.SuiteRunner.run(SuiteRunner.java:289)\r\n\tat org.testng.SuiteRunnerWorker.runSuite(SuiteRunnerWorker.java:52)\r\n\tat org.testng.SuiteRunnerWorker.run(SuiteRunnerWorker.java:86)\r\n\tat org.testng.TestNG.runSuitesSequentially(TestNG.java:1293)\r\n\tat org.testng.TestNG.runSuitesLocally(TestNG.java:1218)\r\n\tat org.testng.TestNG.runSuites(TestNG.java:1133)\r\n\tat org.testng.TestNG.run(TestNG.java:1104)\r\n\tat org.testng.remote.AbstractRemoteTestNG.run(AbstractRemoteTestNG.java:115)\r\n\tat org.testng.remote.RemoteTestNG.initAndRun(RemoteTestNG.java:251)\r\n\tat org.testng.remote.RemoteTestNG.main(RemoteTestNG.java:77)\r\nCaused by: org.openqa.selenium.NoSuchElementException: no such element: Unable to locate element: {\"method\":\"xpath\",\"selector\":\"//select[@id='dbName']\"}\n  (Session info: chrome=74.0.3729.131)\n  (Driver info: chromedriver=2.36.540470 (e522d04694c7ebea4ba8821272dbef4f9b818c91),platform=Windows NT 6.1.7601 SP1 x86_64) (WARNING: The server did not provide any stacktrace information)\nCommand duration or timeout: 16 milliseconds\nFor documentation on this error, please visit: http://seleniumhq.org/exceptions/no_such_element.html\nBuild info: version: '2.53.0', revision: '35ae25b1534ae328c771e0856c93e187490ca824', time: '2016-03-15 10:43:46'\nSystem info: host: 'admin-PC', ip: '192.168.0.127', os.name: 'Windows 7', os.arch: 'amd64', os.version: '6.1', java.version: '1.8.0_211'\nDriver info: com.qmetry.qaf.automation.ui.webdriver.QAFExtendedWebDriver\nCapabilities [{applicationCacheEnabled=false, rotatable=false, mobileEmulationEnabled=false, networkConnectionEnabled=false, chrome={chromedriverVersion=2.36.540470 (e522d04694c7ebea4ba8821272dbef4f9b818c91), userDataDir=C:\\Users\\admin\\AppData\\Local\\Temp\\scoped_dir8724_29667}, takesHeapSnapshot=true, pageLoadStrategy=normal, databaseEnabled=false, handlesAlerts=true, hasTouchScreen=false, version=74.0.3729.131, platform=XP, browserConnectionEnabled=false, nativeEvents=true, acceptSslCerts=false, acceptInsecureCerts=false, locationContextEnabled=true, webStorageEnabled=true, browserName=chrome, takesScreenshot=true, javascriptEnabled=true, cssSelectorsEnabled=true, setWindowRect=true, unexpectedAlertBehaviour=}]\nSession ID: 17d77f7fba01e5d9322a48cbd21b6afc\n*** Element info: {Using=xpath, value=//select[@id='dbName']}\r\n\tat sun.reflect.NativeConstructorAccessorImpl.newInstance0(Native Method)\r\n\tat sun.reflect.NativeConstructorAccessorImpl.newInstance(Unknown Source)\r\n\tat sun.reflect.DelegatingConstructorAccessorImpl.newInstance(Unknown Source)\r\n\tat java.lang.reflect.Constructor.newInstance(Unknown Source)\r\n\tat org.openqa.selenium.remote.ErrorHandler.createThrowable(ErrorHandler.java:206)\r\n\tat org.openqa.selenium.remote.ErrorHandler.throwIfResponseFailed(ErrorHandler.java:158)\r\n\tat org.openqa.selenium.remote.RemoteWebDriver.execute(RemoteWebDriver.java:678)\r\n\tat com.qmetry.qaf.automation.ui.webdriver.QAFExtendedWebDriver.execute(QAFExtendedWebDriver.java:236)\r\n\tat org.openqa.selenium.remote.RemoteWebDriver.findElement(RemoteWebDriver.java:363)\r\n\tat org.openqa.selenium.remote.RemoteWebDriver.findElementByXPath(RemoteWebDriver.java:500)\r\n\tat com.qmetry.qaf.automation.ui.webdriver.QAFExtendedWebDriver.findElementByXPath(QAFExtendedWebDriver.java:400)\r\n\tat com.qmetry.qaf.automation.ui.webdriver.QAFExtendedWebDriver.findElementByXPath(QAFExtendedWebDriver.java:1)\r\n\tat org.openqa.selenium.By$ByXPath.findElement(By.java:361)\r\n\tat org.openqa.selenium.remote.RemoteWebDriver.findElement(RemoteWebDriver.java:355)\r\n\tat com.qmetry.qaf.automation.ui.webdriver.QAFExtendedWebDriver.findElement(QAFExtendedWebDriver.java:171)\r\n\tat com.qmetry.qaf.automation.ui.webdriver.QAFExtendedWebDriver.findElement(QAFExtendedWebDriver.java:1)\r\n\tat org.openqa.selenium.support.ui.ExpectedConditions.findElement(ExpectedConditions.java:899)\r\n\tat org.openqa.selenium.support.ui.ExpectedConditions.access$000(ExpectedConditions.java:41)\r\n\tat org.openqa.selenium.support.ui.ExpectedConditions$6.apply(ExpectedConditions.java:181)\r\n\tat org.openqa.selenium.support.ui.ExpectedConditions$6.apply(ExpectedConditions.java:178)\r\n\tat org.openqa.selenium.support.ui.FluentWait.until(FluentWait.java:238)\r\n\t... 31 more\r\n"
}